/usr/bin/cmake -H/home/ubuntu/Desktop/catkin_ws/src/mavlink -B/home/ubuntu/Desktop/catkin_ws/build/mavlink --check-build-system CMakeFiles/Makefile.cmake 0
/usr/bin/cmake -E cmake_progress_start /home/ubuntu/Desktop/catkin_ws/build/mavlink/CMakeFiles /home/ubuntu/Desktop/catkin_ws/build/mavlink/CMakeFiles/progress.marks
/usr/bin/make -f CMakeFiles/Makefile2 all
make[1]: Entering directory '/home/ubuntu/Desktop/catkin_ws/build/mavlink'
/usr/bin/make -f CMakeFiles/storm32.xml-v2.0.dir/build.make CMakeFiles/storm32.xml-v2.0.dir/depend
make[2]: Entering directory '/home/ubuntu/Desktop/catkin_ws/build/mavlink'
cd /home/ubuntu/Desktop/catkin_ws/build/mavlink && /usr/bin/cmake -E cmake_depends "Unix Makefiles" /home/ubuntu/Desktop/catkin_ws/src/mavlink /home/ubuntu/Desktop/catkin_ws/src/mavlink /home/ubuntu/Desktop/catkin_ws/build/mavlink /home/ubuntu/Desktop/catkin_ws/build/mavlink /home/ubuntu/Desktop/catkin_ws/build/mavlink/CMakeFiles/storm32.xml-v2.0.dir/DependInfo.cmake --color=
make[2]: Leaving directory '/home/ubuntu/Desktop/catkin_ws/build/mavlink'
/usr/bin/make -f CMakeFiles/storm32.xml-v2.0.dir/build.make CMakeFiles/storm32.xml-v2.0.dir/build
make[2]: Entering directory '/home/ubuntu/Desktop/catkin_ws/build/mavlink'
make[2]: Nothing to be done for 'CMakeFiles/storm32.xml-v2.0.dir/build'.
make[2]: Leaving directory '/home/ubuntu/Desktop/catkin_ws/build/mavlink'
[  3%] Built target storm32.xml-v2.0
/usr/bin/make -f CMakeFiles/paparazzi.xml-v2.0.dir/build.make CMakeFiles/paparazzi.xml-v2.0.dir/depend
make[2]: Entering directory '/home/ubuntu/Desktop/catkin_ws/build/mavlink'
cd /home/ubuntu/Desktop/catkin_ws/build/mavlink && /usr/bin/cmake -E cmake_depends "Unix Makefiles" /home/ubuntu/Desktop/catkin_ws/src/mavlink /home/ubuntu/Desktop/catkin_ws/src/mavlink /home/ubuntu/Desktop/catkin_ws/build/mavlink /home/ubuntu/Desktop/catkin_ws/build/mavlink /home/ubuntu/Desktop/catkin_ws/build/mavlink/CMakeFiles/paparazzi.xml-v2.0.dir/DependInfo.cmake --color=
make[2]: Leaving directory '/home/ubuntu/Desktop/catkin_ws/build/mavlink'
/usr/bin/make -f CMakeFiles/paparazzi.xml-v2.0.dir/build.make CMakeFiles/paparazzi.xml-v2.0.dir/build
make[2]: Entering directory '/home/ubuntu/Desktop/catkin_ws/build/mavlink'
make[2]: Nothing to be done for 'CMakeFiles/paparazzi.xml-v2.0.dir/build'.
make[2]: Leaving directory '/home/ubuntu/Desktop/catkin_ws/build/mavlink'
[  7%] Built target paparazzi.xml-v2.0
/usr/bin/make -f CMakeFiles/matrixpilot.xml-v2.0.dir/build.make CMakeFiles/matrixpilot.xml-v2.0.dir/depend
make[2]: Entering directory '/home/ubuntu/Desktop/catkin_ws/build/mavlink'
cd /home/ubuntu/Desktop/catkin_ws/build/mavlink && /usr/bin/cmake -E cmake_depends "Unix Makefiles" /home/ubuntu/Desktop/catkin_ws/src/mavlink /home/ubuntu/Desktop/catkin_ws/src/mavlink /home/ubuntu/Desktop/catkin_ws/build/mavlink /home/ubuntu/Desktop/catkin_ws/build/mavlink /home/ubuntu/Desktop/catkin_ws/build/mavlink/CMakeFiles/matrixpilot.xml-v2.0.dir/DependInfo.cmake --color=
make[2]: Leaving directory '/home/ubuntu/Desktop/catkin_ws/build/mavlink'
/usr/bin/make -f CMakeFiles/matrixpilot.xml-v2.0.dir/build.make CMakeFiles/matrixpilot.xml-v2.0.dir/build
make[2]: Entering directory '/home/ubuntu/Desktop/catkin_ws/build/mavlink'
make[2]: Nothing to be done for 'CMakeFiles/matrixpilot.xml-v2.0.dir/build'.
make[2]: Leaving directory '/home/ubuntu/Desktop/catkin_ws/build/mavlink'
[ 11%] Built target matrixpilot.xml-v2.0
/usr/bin/make -f CMakeFiles/icarous.xml-v2.0.dir/build.make CMakeFiles/icarous.xml-v2.0.dir/depend
make[2]: Entering directory '/home/ubuntu/Desktop/catkin_ws/build/mavlink'
cd /home/ubuntu/Desktop/catkin_ws/build/mavlink && /usr/bin/cmake -E cmake_depends "Unix Makefiles" /home/ubuntu/Desktop/catkin_ws/src/mavlink /home/ubuntu/Desktop/catkin_ws/src/mavlink /home/ubuntu/Desktop/catkin_ws/build/mavlink /home/ubuntu/Desktop/catkin_ws/build/mavlink /home/ubuntu/Desktop/catkin_ws/build/mavlink/CMakeFiles/icarous.xml-v2.0.dir/DependInfo.cmake --color=
make[2]: Leaving directory '/home/ubuntu/Desktop/catkin_ws/build/mavlink'
/usr/bin/make -f CMakeFiles/icarous.xml-v2.0.dir/build.make CMakeFiles/icarous.xml-v2.0.dir/build
make[2]: Entering directory '/home/ubuntu/Desktop/catkin_ws/build/mavlink'
make[2]: Nothing to be done for 'CMakeFiles/icarous.xml-v2.0.dir/build'.
make[2]: Leaving directory '/home/ubuntu/Desktop/catkin_ws/build/mavlink'
[ 15%] Built target icarous.xml-v2.0
/usr/bin/make -f CMakeFiles/development.xml-v2.0.dir/build.make CMakeFiles/development.xml-v2.0.dir/depend
make[2]: Entering directory '/home/ubuntu/Desktop/catkin_ws/build/mavlink'
cd /home/ubuntu/Desktop/catkin_ws/build/mavlink && /usr/bin/cmake -E cmake_depends "Unix Makefiles" /home/ubuntu/Desktop/catkin_ws/src/mavlink /home/ubuntu/Desktop/catkin_ws/src/mavlink /home/ubuntu/Desktop/catkin_ws/build/mavlink /home/ubuntu/Desktop/catkin_ws/build/mavlink /home/ubuntu/Desktop/catkin_ws/build/mavlink/CMakeFiles/development.xml-v2.0.dir/DependInfo.cmake --color=
make[2]: Leaving directory '/home/ubuntu/Desktop/catkin_ws/build/mavlink'
/usr/bin/make -f CMakeFiles/development.xml-v2.0.dir/build.make CMakeFiles/development.xml-v2.0.dir/build
make[2]: Entering directory '/home/ubuntu/Desktop/catkin_ws/build/mavlink'
make[2]: Nothing to be done for 'CMakeFiles/development.xml-v2.0.dir/build'.
make[2]: Leaving directory '/home/ubuntu/Desktop/catkin_ws/build/mavlink'
[ 19%] Built target development.xml-v2.0
/usr/bin/make -f CMakeFiles/AVSSUAS.xml-v2.0.dir/build.make CMakeFiles/AVSSUAS.xml-v2.0.dir/depend
make[2]: Entering directory '/home/ubuntu/Desktop/catkin_ws/build/mavlink'
cd /home/ubuntu/Desktop/catkin_ws/build/mavlink && /usr/bin/cmake -E cmake_depends "Unix Makefiles" /home/ubuntu/Desktop/catkin_ws/src/mavlink /home/ubuntu/Desktop/catkin_ws/src/mavlink /home/ubuntu/Desktop/catkin_ws/build/mavlink /home/ubuntu/Desktop/catkin_ws/build/mavlink /home/ubuntu/Desktop/catkin_ws/build/mavlink/CMakeFiles/AVSSUAS.xml-v2.0.dir/DependInfo.cmake --color=
make[2]: Leaving directory '/home/ubuntu/Desktop/catkin_ws/build/mavlink'
/usr/bin/make -f CMakeFiles/AVSSUAS.xml-v2.0.dir/build.make CMakeFiles/AVSSUAS.xml-v2.0.dir/build
make[2]: Entering directory '/home/ubuntu/Desktop/catkin_ws/build/mavlink'
make[2]: Nothing to be done for 'CMakeFiles/AVSSUAS.xml-v2.0.dir/build'.
make[2]: Leaving directory '/home/ubuntu/Desktop/catkin_ws/build/mavlink'
[ 23%] Built target AVSSUAS.xml-v2.0
/usr/bin/make -f CMakeFiles/ardupilotmega.xml-v2.0.dir/build.make CMakeFiles/ardupilotmega.xml-v2.0.dir/depend
make[2]: Entering directory '/home/ubuntu/Desktop/catkin_ws/build/mavlink'
cd /home/ubuntu/Desktop/catkin_ws/build/mavlink && /usr/bin/cmake -E cmake_depends "Unix Makefiles" /home/ubuntu/Desktop/catkin_ws/src/mavlink /home/ubuntu/Desktop/catkin_ws/src/mavlink /home/ubuntu/Desktop/catkin_ws/build/mavlink /home/ubuntu/Desktop/catkin_ws/build/mavlink /home/ubuntu/Desktop/catkin_ws/build/mavlink/CMakeFiles/ardupilotmega.xml-v2.0.dir/DependInfo.cmake --color=
make[2]: Leaving directory '/home/ubuntu/Desktop/catkin_ws/build/mavlink'
/usr/bin/make -f CMakeFiles/ardupilotmega.xml-v2.0.dir/build.make CMakeFiles/ardupilotmega.xml-v2.0.dir/build
make[2]: Entering directory '/home/ubuntu/Desktop/catkin_ws/build/mavlink'
make[2]: Nothing to be done for 'CMakeFiles/ardupilotmega.xml-v2.0.dir/build'.
make[2]: Leaving directory '/home/ubuntu/Desktop/catkin_ws/build/mavlink'
[ 26%] Built target ardupilotmega.xml-v2.0
/usr/bin/make -f CMakeFiles/ualberta.xml-v2.0.dir/build.make CMakeFiles/ualberta.xml-v2.0.dir/depend
make[2]: Entering directory '/home/ubuntu/Desktop/catkin_ws/build/mavlink'
cd /home/ubuntu/Desktop/catkin_ws/build/mavlink && /usr/bin/cmake -E cmake_depends "Unix Makefiles" /home/ubuntu/Desktop/catkin_ws/src/mavlink /home/ubuntu/Desktop/catkin_ws/src/mavlink /home/ubuntu/Desktop/catkin_ws/build/mavlink /home/ubuntu/Desktop/catkin_ws/build/mavlink /home/ubuntu/Desktop/catkin_ws/build/mavlink/CMakeFiles/ualberta.xml-v2.0.dir/DependInfo.cmake --color=
make[2]: Leaving directory '/home/ubuntu/Desktop/catkin_ws/build/mavlink'
/usr/bin/make -f CMakeFiles/ualberta.xml-v2.0.dir/build.make CMakeFiles/ualberta.xml-v2.0.dir/build
make[2]: Entering directory '/home/ubuntu/Desktop/catkin_ws/build/mavlink'
make[2]: Nothing to be done for 'CMakeFiles/ualberta.xml-v2.0.dir/build'.
make[2]: Leaving directory '/home/ubuntu/Desktop/catkin_ws/build/mavlink'
[ 30%] Built target ualberta.xml-v2.0
/usr/bin/make -f CMakeFiles/standard.xml-v2.0.dir/build.make CMakeFiles/standard.xml-v2.0.dir/depend
make[2]: Entering directory '/home/ubuntu/Desktop/catkin_ws/build/mavlink'
cd /home/ubuntu/Desktop/catkin_ws/build/mavlink && /usr/bin/cmake -E cmake_depends "Unix Makefiles" /home/ubuntu/Desktop/catkin_ws/src/mavlink /home/ubuntu/Desktop/catkin_ws/src/mavlink /home/ubuntu/Desktop/catkin_ws/build/mavlink /home/ubuntu/Desktop/catkin_ws/build/mavlink /home/ubuntu/Desktop/catkin_ws/build/mavlink/CMakeFiles/standard.xml-v2.0.dir/DependInfo.cmake --color=
make[2]: Leaving directory '/home/ubuntu/Desktop/catkin_ws/build/mavlink'
/usr/bin/make -f CMakeFiles/standard.xml-v2.0.dir/build.make CMakeFiles/standard.xml-v2.0.dir/build
make[2]: Entering directory '/home/ubuntu/Desktop/catkin_ws/build/mavlink'
make[2]: Nothing to be done for 'CMakeFiles/standard.xml-v2.0.dir/build'.
make[2]: Leaving directory '/home/ubuntu/Desktop/catkin_ws/build/mavlink'
[ 34%] Built target standard.xml-v2.0
/usr/bin/make -f CMakeFiles/uAvionix.xml-v2.0.dir/build.make CMakeFiles/uAvionix.xml-v2.0.dir/depend
make[2]: Entering directory '/home/ubuntu/Desktop/catkin_ws/build/mavlink'
cd /home/ubuntu/Desktop/catkin_ws/build/mavlink && /usr/bin/cmake -E cmake_depends "Unix Makefiles" /home/ubuntu/Desktop/catkin_ws/src/mavlink /home/ubuntu/Desktop/catkin_ws/src/mavlink /home/ubuntu/Desktop/catkin_ws/build/mavlink /home/ubuntu/Desktop/catkin_ws/build/mavlink /home/ubuntu/Desktop/catkin_ws/build/mavlink/CMakeFiles/uAvionix.xml-v2.0.dir/DependInfo.cmake --color=
make[2]: Leaving directory '/home/ubuntu/Desktop/catkin_ws/build/mavlink'
/usr/bin/make -f CMakeFiles/uAvionix.xml-v2.0.dir/build.make CMakeFiles/uAvionix.xml-v2.0.dir/build
make[2]: Entering directory '/home/ubuntu/Desktop/catkin_ws/build/mavlink'
make[2]: Nothing to be done for 'CMakeFiles/uAvionix.xml-v2.0.dir/build'.
make[2]: Leaving directory '/home/ubuntu/Desktop/catkin_ws/build/mavlink'
[ 38%] Built target uAvionix.xml-v2.0
/usr/bin/make -f CMakeFiles/all.xml-v2.0.dir/build.make CMakeFiles/all.xml-v2.0.dir/depend
make[2]: Entering directory '/home/ubuntu/Desktop/catkin_ws/build/mavlink'
cd /home/ubuntu/Desktop/catkin_ws/build/mavlink && /usr/bin/cmake -E cmake_depends "Unix Makefiles" /home/ubuntu/Desktop/catkin_ws/src/mavlink /home/ubuntu/Desktop/catkin_ws/src/mavlink /home/ubuntu/Desktop/catkin_ws/build/mavlink /home/ubuntu/Desktop/catkin_ws/build/mavlink /home/ubuntu/Desktop/catkin_ws/build/mavlink/CMakeFiles/all.xml-v2.0.dir/DependInfo.cmake --color=
make[2]: Leaving directory '/home/ubuntu/Desktop/catkin_ws/build/mavlink'
/usr/bin/make -f CMakeFiles/all.xml-v2.0.dir/build.make CMakeFiles/all.xml-v2.0.dir/build
make[2]: Entering directory '/home/ubuntu/Desktop/catkin_ws/build/mavlink'
make[2]: Nothing to be done for 'CMakeFiles/all.xml-v2.0.dir/build'.
make[2]: Leaving directory '/home/ubuntu/Desktop/catkin_ws/build/mavlink'
[ 42%] Built target all.xml-v2.0
/usr/bin/make -f CMakeFiles/ASLUAV.xml-v2.0.dir/build.make CMakeFiles/ASLUAV.xml-v2.0.dir/depend
make[2]: Entering directory '/home/ubuntu/Desktop/catkin_ws/build/mavlink'
cd /home/ubuntu/Desktop/catkin_ws/build/mavlink && /usr/bin/cmake -E cmake_depends "Unix Makefiles" /home/ubuntu/Desktop/catkin_ws/src/mavlink /home/ubuntu/Desktop/catkin_ws/src/mavlink /home/ubuntu/Desktop/catkin_ws/build/mavlink /home/ubuntu/Desktop/catkin_ws/build/mavlink /home/ubuntu/Desktop/catkin_ws/build/mavlink/CMakeFiles/ASLUAV.xml-v2.0.dir/DependInfo.cmake --color=
make[2]: Leaving directory '/home/ubuntu/Desktop/catkin_ws/build/mavlink'
/usr/bin/make -f CMakeFiles/ASLUAV.xml-v2.0.dir/build.make CMakeFiles/ASLUAV.xml-v2.0.dir/build
make[2]: Entering directory '/home/ubuntu/Desktop/catkin_ws/build/mavlink'
make[2]: Nothing to be done for 'CMakeFiles/ASLUAV.xml-v2.0.dir/build'.
make[2]: Leaving directory '/home/ubuntu/Desktop/catkin_ws/build/mavlink'
[ 46%] Built target ASLUAV.xml-v2.0
/usr/bin/make -f CMakeFiles/ardupilotmega.xml-v1.0.dir/build.make CMakeFiles/ardupilotmega.xml-v1.0.dir/depend
make[2]: Entering directory '/home/ubuntu/Desktop/catkin_ws/build/mavlink'
cd /home/ubuntu/Desktop/catkin_ws/build/mavlink && /usr/bin/cmake -E cmake_depends "Unix Makefiles" /home/ubuntu/Desktop/catkin_ws/src/mavlink /home/ubuntu/Desktop/catkin_ws/src/mavlink /home/ubuntu/Desktop/catkin_ws/build/mavlink /home/ubuntu/Desktop/catkin_ws/build/mavlink /home/ubuntu/Desktop/catkin_ws/build/mavlink/CMakeFiles/ardupilotmega.xml-v1.0.dir/DependInfo.cmake --color=
make[2]: Leaving directory '/home/ubuntu/Desktop/catkin_ws/build/mavlink'
/usr/bin/make -f CMakeFiles/ardupilotmega.xml-v1.0.dir/build.make CMakeFiles/ardupilotmega.xml-v1.0.dir/build
make[2]: Entering directory '/home/ubuntu/Desktop/catkin_ws/build/mavlink'
make[2]: Nothing to be done for 'CMakeFiles/ardupilotmega.xml-v1.0.dir/build'.
make[2]: Leaving directory '/home/ubuntu/Desktop/catkin_ws/build/mavlink'
[ 50%] Built target ardupilotmega.xml-v1.0
/usr/bin/make -f CMakeFiles/common.xml-v1.0.dir/build.make CMakeFiles/common.xml-v1.0.dir/depend
make[2]: Entering directory '/home/ubuntu/Desktop/catkin_ws/build/mavlink'
cd /home/ubuntu/Desktop/catkin_ws/build/mavlink && /usr/bin/cmake -E cmake_depends "Unix Makefiles" /home/ubuntu/Desktop/catkin_ws/src/mavlink /home/ubuntu/Desktop/catkin_ws/src/mavlink /home/ubuntu/Desktop/catkin_ws/build/mavlink /home/ubuntu/Desktop/catkin_ws/build/mavlink /home/ubuntu/Desktop/catkin_ws/build/mavlink/CMakeFiles/common.xml-v1.0.dir/DependInfo.cmake --color=
make[2]: Leaving directory '/home/ubuntu/Desktop/catkin_ws/build/mavlink'
/usr/bin/make -f CMakeFiles/common.xml-v1.0.dir/build.make CMakeFiles/common.xml-v1.0.dir/build
make[2]: Entering directory '/home/ubuntu/Desktop/catkin_ws/build/mavlink'
make[2]: Nothing to be done for 'CMakeFiles/common.xml-v1.0.dir/build'.
make[2]: Leaving directory '/home/ubuntu/Desktop/catkin_ws/build/mavlink'
[ 53%] Built target common.xml-v1.0
/usr/bin/make -f CMakeFiles/matrixpilot.xml-v1.0.dir/build.make CMakeFiles/matrixpilot.xml-v1.0.dir/depend
make[2]: Entering directory '/home/ubuntu/Desktop/catkin_ws/build/mavlink'
cd /home/ubuntu/Desktop/catkin_ws/build/mavlink && /usr/bin/cmake -E cmake_depends "Unix Makefiles" /home/ubuntu/Desktop/catkin_ws/src/mavlink /home/ubuntu/Desktop/catkin_ws/src/mavlink /home/ubuntu/Desktop/catkin_ws/build/mavlink /home/ubuntu/Desktop/catkin_ws/build/mavlink /home/ubuntu/Desktop/catkin_ws/build/mavlink/CMakeFiles/matrixpilot.xml-v1.0.dir/DependInfo.cmake --color=
make[2]: Leaving directory '/home/ubuntu/Desktop/catkin_ws/build/mavlink'
/usr/bin/make -f CMakeFiles/matrixpilot.xml-v1.0.dir/build.make CMakeFiles/matrixpilot.xml-v1.0.dir/build
make[2]: Entering directory '/home/ubuntu/Desktop/catkin_ws/build/mavlink'
make[2]: Nothing to be done for 'CMakeFiles/matrixpilot.xml-v1.0.dir/build'.
make[2]: Leaving directory '/home/ubuntu/Desktop/catkin_ws/build/mavlink'
[ 57%] Built target matrixpilot.xml-v1.0
/usr/bin/make -f CMakeFiles/storm32.xml-v1.0.dir/build.make CMakeFiles/storm32.xml-v1.0.dir/depend
make[2]: Entering directory '/home/ubuntu/Desktop/catkin_ws/build/mavlink'
cd /home/ubuntu/Desktop/catkin_ws/build/mavlink && /usr/bin/cmake -E cmake_depends "Unix Makefiles" /home/ubuntu/Desktop/catkin_ws/src/mavlink /home/ubuntu/Desktop/catkin_ws/src/mavlink /home/ubuntu/Desktop/catkin_ws/build/mavlink /home/ubuntu/Desktop/catkin_ws/build/mavlink /home/ubuntu/Desktop/catkin_ws/build/mavlink/CMakeFiles/storm32.xml-v1.0.dir/DependInfo.cmake --color=
make[2]: Leaving directory '/home/ubuntu/Desktop/catkin_ws/build/mavlink'
/usr/bin/make -f CMakeFiles/storm32.xml-v1.0.dir/build.make CMakeFiles/storm32.xml-v1.0.dir/build
make[2]: Entering directory '/home/ubuntu/Desktop/catkin_ws/build/mavlink'
make[2]: Nothing to be done for 'CMakeFiles/storm32.xml-v1.0.dir/build'.
make[2]: Leaving directory '/home/ubuntu/Desktop/catkin_ws/build/mavlink'
[ 61%] Built target storm32.xml-v1.0
/usr/bin/make -f CMakeFiles/all.xml-v1.0.dir/build.make CMakeFiles/all.xml-v1.0.dir/depend
make[2]: Entering directory '/home/ubuntu/Desktop/catkin_ws/build/mavlink'
cd /home/ubuntu/Desktop/catkin_ws/build/mavlink && /usr/bin/cmake -E cmake_depends "Unix Makefiles" /home/ubuntu/Desktop/catkin_ws/src/mavlink /home/ubuntu/Desktop/catkin_ws/src/mavlink /home/ubuntu/Desktop/catkin_ws/build/mavlink /home/ubuntu/Desktop/catkin_ws/build/mavlink /home/ubuntu/Desktop/catkin_ws/build/mavlink/CMakeFiles/all.xml-v1.0.dir/DependInfo.cmake --color=
make[2]: Leaving directory '/home/ubuntu/Desktop/catkin_ws/build/mavlink'
/usr/bin/make -f CMakeFiles/all.xml-v1.0.dir/build.make CMakeFiles/all.xml-v1.0.dir/build
make[2]: Entering directory '/home/ubuntu/Desktop/catkin_ws/build/mavlink'
make[2]: Nothing to be done for 'CMakeFiles/all.xml-v1.0.dir/build'.
make[2]: Leaving directory '/home/ubuntu/Desktop/catkin_ws/build/mavlink'
[ 65%] Built target all.xml-v1.0
/usr/bin/make -f CMakeFiles/ASLUAV.xml-v1.0.dir/build.make CMakeFiles/ASLUAV.xml-v1.0.dir/depend
make[2]: Entering directory '/home/ubuntu/Desktop/catkin_ws/build/mavlink'
cd /home/ubuntu/Desktop/catkin_ws/build/mavlink && /usr/bin/cmake -E cmake_depends "Unix Makefiles" /home/ubuntu/Desktop/catkin_ws/src/mavlink /home/ubuntu/Desktop/catkin_ws/src/mavlink /home/ubuntu/Desktop/catkin_ws/build/mavlink /home/ubuntu/Desktop/catkin_ws/build/mavlink /home/ubuntu/Desktop/catkin_ws/build/mavlink/CMakeFiles/ASLUAV.xml-v1.0.dir/DependInfo.cmake --color=
make[2]: Leaving directory '/home/ubuntu/Desktop/catkin_ws/build/mavlink'
/usr/bin/make -f CMakeFiles/ASLUAV.xml-v1.0.dir/build.make CMakeFiles/ASLUAV.xml-v1.0.dir/build
make[2]: Entering directory '/home/ubuntu/Desktop/catkin_ws/build/mavlink'
make[2]: Nothing to be done for 'CMakeFiles/ASLUAV.xml-v1.0.dir/build'.
make[2]: Leaving directory '/home/ubuntu/Desktop/catkin_ws/build/mavlink'
[ 69%] Built target ASLUAV.xml-v1.0
/usr/bin/make -f CMakeFiles/development.xml-v1.0.dir/build.make CMakeFiles/development.xml-v1.0.dir/depend
make[2]: Entering directory '/home/ubuntu/Desktop/catkin_ws/build/mavlink'
cd /home/ubuntu/Desktop/catkin_ws/build/mavlink && /usr/bin/cmake -E cmake_depends "Unix Makefiles" /home/ubuntu/Desktop/catkin_ws/src/mavlink /home/ubuntu/Desktop/catkin_ws/src/mavlink /home/ubuntu/Desktop/catkin_ws/build/mavlink /home/ubuntu/Desktop/catkin_ws/build/mavlink /home/ubuntu/Desktop/catkin_ws/build/mavlink/CMakeFiles/development.xml-v1.0.dir/DependInfo.cmake --color=
make[2]: Leaving directory '/home/ubuntu/Desktop/catkin_ws/build/mavlink'
/usr/bin/make -f CMakeFiles/development.xml-v1.0.dir/build.make CMakeFiles/development.xml-v1.0.dir/build
make[2]: Entering directory '/home/ubuntu/Desktop/catkin_ws/build/mavlink'
make[2]: Nothing to be done for 'CMakeFiles/development.xml-v1.0.dir/build'.
make[2]: Leaving directory '/home/ubuntu/Desktop/catkin_ws/build/mavlink'
[ 73%] Built target development.xml-v1.0
/usr/bin/make -f CMakeFiles/icarous.xml-v1.0.dir/build.make CMakeFiles/icarous.xml-v1.0.dir/depend
make[2]: Entering directory '/home/ubuntu/Desktop/catkin_ws/build/mavlink'
cd /home/ubuntu/Desktop/catkin_ws/build/mavlink && /usr/bin/cmake -E cmake_depends "Unix Makefiles" /home/ubuntu/Desktop/catkin_ws/src/mavlink /home/ubuntu/Desktop/catkin_ws/src/mavlink /home/ubuntu/Desktop/catkin_ws/build/mavlink /home/ubuntu/Desktop/catkin_ws/build/mavlink /home/ubuntu/Desktop/catkin_ws/build/mavlink/CMakeFiles/icarous.xml-v1.0.dir/DependInfo.cmake --color=
make[2]: Leaving directory '/home/ubuntu/Desktop/catkin_ws/build/mavlink'
/usr/bin/make -f CMakeFiles/icarous.xml-v1.0.dir/build.make CMakeFiles/icarous.xml-v1.0.dir/build
make[2]: Entering directory '/home/ubuntu/Desktop/catkin_ws/build/mavlink'
make[2]: Nothing to be done for 'CMakeFiles/icarous.xml-v1.0.dir/build'.
make[2]: Leaving directory '/home/ubuntu/Desktop/catkin_ws/build/mavlink'
[ 76%] Built target icarous.xml-v1.0
/usr/bin/make -f CMakeFiles/standard.xml-v1.0.dir/build.make CMakeFiles/standard.xml-v1.0.dir/depend
make[2]: Entering directory '/home/ubuntu/Desktop/catkin_ws/build/mavlink'
cd /home/ubuntu/Desktop/catkin_ws/build/mavlink && /usr/bin/cmake -E cmake_depends "Unix Makefiles" /home/ubuntu/Desktop/catkin_ws/src/mavlink /home/ubuntu/Desktop/catkin_ws/src/mavlink /home/ubuntu/Desktop/catkin_ws/build/mavlink /home/ubuntu/Desktop/catkin_ws/build/mavlink /home/ubuntu/Desktop/catkin_ws/build/mavlink/CMakeFiles/standard.xml-v1.0.dir/DependInfo.cmake --color=
make[2]: Leaving directory '/home/ubuntu/Desktop/catkin_ws/build/mavlink'
/usr/bin/make -f CMakeFiles/standard.xml-v1.0.dir/build.make CMakeFiles/standard.xml-v1.0.dir/build
make[2]: Entering directory '/home/ubuntu/Desktop/catkin_ws/build/mavlink'
make[2]: Nothing to be done for 'CMakeFiles/standard.xml-v1.0.dir/build'.
make[2]: Leaving directory '/home/ubuntu/Desktop/catkin_ws/build/mavlink'
[ 80%] Built target standard.xml-v1.0
/usr/bin/make -f CMakeFiles/uAvionix.xml-v1.0.dir/build.make CMakeFiles/uAvionix.xml-v1.0.dir/depend
make[2]: Entering directory '/home/ubuntu/Desktop/catkin_ws/build/mavlink'
cd /home/ubuntu/Desktop/catkin_ws/build/mavlink && /usr/bin/cmake -E cmake_depends "Unix Makefiles" /home/ubuntu/Desktop/catkin_ws/src/mavlink /home/ubuntu/Desktop/catkin_ws/src/mavlink /home/ubuntu/Desktop/catkin_ws/build/mavlink /home/ubuntu/Desktop/catkin_ws/build/mavlink /home/ubuntu/Desktop/catkin_ws/build/mavlink/CMakeFiles/uAvionix.xml-v1.0.dir/DependInfo.cmake --color=
make[2]: Leaving directory '/home/ubuntu/Desktop/catkin_ws/build/mavlink'
/usr/bin/make -f CMakeFiles/uAvionix.xml-v1.0.dir/build.make CMakeFiles/uAvionix.xml-v1.0.dir/build
make[2]: Entering directory '/home/ubuntu/Desktop/catkin_ws/build/mavlink'
make[2]: Nothing to be done for 'CMakeFiles/uAvionix.xml-v1.0.dir/build'.
make[2]: Leaving directory '/home/ubuntu/Desktop/catkin_ws/build/mavlink'
[ 84%] Built target uAvionix.xml-v1.0
/usr/bin/make -f CMakeFiles/paparazzi.xml-v1.0.dir/build.make CMakeFiles/paparazzi.xml-v1.0.dir/depend
make[2]: Entering directory '/home/ubuntu/Desktop/catkin_ws/build/mavlink'
cd /home/ubuntu/Desktop/catkin_ws/build/mavlink && /usr/bin/cmake -E cmake_depends "Unix Makefiles" /home/ubuntu/Desktop/catkin_ws/src/mavlink /home/ubuntu/Desktop/catkin_ws/src/mavlink /home/ubuntu/Desktop/catkin_ws/build/mavlink /home/ubuntu/Desktop/catkin_ws/build/mavlink /home/ubuntu/Desktop/catkin_ws/build/mavlink/CMakeFiles/paparazzi.xml-v1.0.dir/DependInfo.cmake --color=
make[2]: Leaving directory '/home/ubuntu/Desktop/catkin_ws/build/mavlink'
/usr/bin/make -f CMakeFiles/paparazzi.xml-v1.0.dir/build.make CMakeFiles/paparazzi.xml-v1.0.dir/build
make[2]: Entering directory '/home/ubuntu/Desktop/catkin_ws/build/mavlink'
make[2]: Nothing to be done for 'CMakeFiles/paparazzi.xml-v1.0.dir/build'.
make[2]: Leaving directory '/home/ubuntu/Desktop/catkin_ws/build/mavlink'
[ 88%] Built target paparazzi.xml-v1.0
/usr/bin/make -f CMakeFiles/AVSSUAS.xml-v1.0.dir/build.make CMakeFiles/AVSSUAS.xml-v1.0.dir/depend
make[2]: Entering directory '/home/ubuntu/Desktop/catkin_ws/build/mavlink'
cd /home/ubuntu/Desktop/catkin_ws/build/mavlink && /usr/bin/cmake -E cmake_depends "Unix Makefiles" /home/ubuntu/Desktop/catkin_ws/src/mavlink /home/ubuntu/Desktop/catkin_ws/src/mavlink /home/ubuntu/Desktop/catkin_ws/build/mavlink /home/ubuntu/Desktop/catkin_ws/build/mavlink /home/ubuntu/Desktop/catkin_ws/build/mavlink/CMakeFiles/AVSSUAS.xml-v1.0.dir/DependInfo.cmake --color=
make[2]: Leaving directory '/home/ubuntu/Desktop/catkin_ws/build/mavlink'
/usr/bin/make -f CMakeFiles/AVSSUAS.xml-v1.0.dir/build.make CMakeFiles/AVSSUAS.xml-v1.0.dir/build
make[2]: Entering directory '/home/ubuntu/Desktop/catkin_ws/build/mavlink'
make[2]: Nothing to be done for 'CMakeFiles/AVSSUAS.xml-v1.0.dir/build'.
make[2]: Leaving directory '/home/ubuntu/Desktop/catkin_ws/build/mavlink'
[ 92%] Built target AVSSUAS.xml-v1.0
/usr/bin/make -f CMakeFiles/ualberta.xml-v1.0.dir/build.make CMakeFiles/ualberta.xml-v1.0.dir/depend
make[2]: Entering directory '/home/ubuntu/Desktop/catkin_ws/build/mavlink'
cd /home/ubuntu/Desktop/catkin_ws/build/mavlink && /usr/bin/cmake -E cmake_depends "Unix Makefiles" /home/ubuntu/Desktop/catkin_ws/src/mavlink /home/ubuntu/Desktop/catkin_ws/src/mavlink /home/ubuntu/Desktop/catkin_ws/build/mavlink /home/ubuntu/Desktop/catkin_ws/build/mavlink /home/ubuntu/Desktop/catkin_ws/build/mavlink/CMakeFiles/ualberta.xml-v1.0.dir/DependInfo.cmake --color=
make[2]: Leaving directory '/home/ubuntu/Desktop/catkin_ws/build/mavlink'
/usr/bin/make -f CMakeFiles/ualberta.xml-v1.0.dir/build.make CMakeFiles/ualberta.xml-v1.0.dir/build
make[2]: Entering directory '/home/ubuntu/Desktop/catkin_ws/build/mavlink'
make[2]: Nothing to be done for 'CMakeFiles/ualberta.xml-v1.0.dir/build'.
make[2]: Leaving directory '/home/ubuntu/Desktop/catkin_ws/build/mavlink'
[ 96%] Built target ualberta.xml-v1.0
/usr/bin/make -f CMakeFiles/common.xml-v2.0.dir/build.make CMakeFiles/common.xml-v2.0.dir/depend
make[2]: Entering directory '/home/ubuntu/Desktop/catkin_ws/build/mavlink'
cd /home/ubuntu/Desktop/catkin_ws/build/mavlink && /usr/bin/cmake -E cmake_depends "Unix Makefiles" /home/ubuntu/Desktop/catkin_ws/src/mavlink /home/ubuntu/Desktop/catkin_ws/src/mavlink /home/ubuntu/Desktop/catkin_ws/build/mavlink /home/ubuntu/Desktop/catkin_ws/build/mavlink /home/ubuntu/Desktop/catkin_ws/build/mavlink/CMakeFiles/common.xml-v2.0.dir/DependInfo.cmake --color=
make[2]: Leaving directory '/home/ubuntu/Desktop/catkin_ws/build/mavlink'
/usr/bin/make -f CMakeFiles/common.xml-v2.0.dir/build.make CMakeFiles/common.xml-v2.0.dir/build
make[2]: Entering directory '/home/ubuntu/Desktop/catkin_ws/build/mavlink'
make[2]: Nothing to be done for 'CMakeFiles/common.xml-v2.0.dir/build'.
make[2]: Leaving directory '/home/ubuntu/Desktop/catkin_ws/build/mavlink'
[100%] Built target common.xml-v2.0
make[1]: Leaving directory '/home/ubuntu/Desktop/catkin_ws/build/mavlink'
/usr/bin/cmake -E cmake_progress_start /home/ubuntu/Desktop/catkin_ws/build/mavlink/CMakeFiles 0
